<?xml version="1.0" encoding="UTF-8"?>
<!-- Generated by org.testng.reporters.JUnitXMLReporter -->
<testsuite ignored="1" hostname="CHARLESANTHONY" failures="0" tests="7" name="Default test" time="0.081" errors="0" timestamp="2023-08-11T17:49:14 IST">
  <testcase classname="Testng.priority" name="demo2" time="0.01"/>
  <testcase classname="Testng.priority" name="demo2" time="0.002"/>
  <testcase classname="Testng.priority" name="demo2" time="0.002"/>
  <testcase classname="Testng.priority" name="demo2" time="0.002"/>
  <testcase classname="Testng.priority" name="demo2" time="0.001"/>
  <testcase classname="Testng.invocation" name="demo2" time="0.001"/>
  <testcase classname="Testng.invocation" name="demo3" time="0.001"/>
  <testcase classname="Testng.priority" name="demo" time="0.0">
    <ignored/>
  </testcase> <!-- demo -->
</testsuite> <!-- Default test -->
