<?xml version="1.0" encoding="UTF-8"?>
<!-- Generated by org.testng.reporters.JUnitXMLReporter -->
<testsuite ignored="2" hostname="CHARLESANTHONY" failures="0" tests="2" name="Test" time="0.06" errors="0" timestamp="2023-08-14T16:25:06 IST">
  <testcase classname="TestNg_group.Sample2" name="demo4" time="0.013"/>
  <testcase classname="TestNg_group.Sample1" name="demo1" time="0.001"/>
  <testcase classname="TestNg_group.Sample1" name="demo2" time="0.0">
    <ignored/>
  </testcase> <!-- demo2 -->
  <testcase classname="TestNg_group.Sample2" name="demo3" time="0.0">
    <ignored/>
  </testcase> <!-- demo3 -->
</testsuite> <!-- Test -->
