<?xml version="1.0" encoding="UTF-8"?>
<testng-results ignored="2" total="4" passed="2" failed="0" skipped="0">
  <reporter-output>
  </reporter-output>
  <suite started-at="2023-08-14T16:25:06 IST" name="Suite" finished-at="2023-08-14T16:25:06 IST" duration-ms="60">
    <groups>
      <group name="smoke">
        <method signature="Sample1.demo1()[pri:0, instance:TestNg_group.Sample1@50b472aa]" name="demo1" class="TestNg_group.Sample1"/>
        <method signature="Sample2.demo4()[pri:0, instance:TestNg_group.Sample2@5c30a9b0]" name="demo4" class="TestNg_group.Sample2"/>
      </group> <!-- smoke -->
    </groups>
    <test started-at="2023-08-14T16:25:06 IST" name="Test" finished-at="2023-08-14T16:25:06 IST" duration-ms="60">
      <class name="TestNg_group.Sample2">
        <test-method signature="demo4()[pri:0, instance:TestNg_group.Sample2@5c30a9b0]" started-at="2023-08-14T16:25:06 IST" name="demo4" finished-at="2023-08-14T16:25:06 IST" duration-ms="13" status="PASS">
          <reporter-output>
          </reporter-output>
        </test-method> <!-- demo4 -->
      </class> <!-- TestNg_group.Sample2 -->
      <class name="TestNg_group.Sample1">
        <test-method signature="demo1()[pri:0, instance:TestNg_group.Sample1@50b472aa]" started-at="2023-08-14T16:25:06 IST" name="demo1" finished-at="2023-08-14T16:25:06 IST" duration-ms="1" status="PASS">
          <reporter-output>
          </reporter-output>
        </test-method> <!-- demo1 -->
      </class> <!-- TestNg_group.Sample1 -->
    </test> <!-- Test -->
  </suite> <!-- Suite -->
</testng-results>
